  main.cpp
C:\Users\bcc54\Desktop\Code\bird\bird\main.cpp(340,12): warning C4805: “==”: 在操作中将类型“int”与类型“bool”混合不安全
C:\Users\bcc54\Desktop\Code\bird\bird\main.cpp(334,11): warning C4101: “TempPassword”: 未引用的局部变量
C:\Users\bcc54\Desktop\Code\bird\bird\main.cpp(469,15): warning C4244: “初始化”: 从“double”转换到“int”，可能丢失数据
C:\Users\bcc54\Desktop\Code\bird\bird\main.cpp(595,12): warning C4805: “==”: 在操作中将类型“int”与类型“bool”混合不安全
C:\Users\bcc54\Desktop\Code\bird\bird\main.cpp(649,13): warning C4805: “==”: 在操作中将类型“int”与类型“bool”混合不安全
C:\Users\bcc54\Desktop\Code\bird\bird\main.cpp(829,13): warning C4805: “==”: 在操作中将类型“int”与类型“bool”混合不安全
C:\Users\bcc54\Desktop\Code\bird\bird\main.cpp(969,18): warning C4244: “初始化”: 从“double”转换到“int”，可能丢失数据
C:\Users\bcc54\Desktop\Code\bird\bird\main.cpp(1148,15): warning C4805: “==”: 在操作中将类型“int”与类型“bool”混合不安全
C:\Users\bcc54\Desktop\Code\bird\bird\main.cpp(1183,26): warning C4477: “_swprintf”: 格式字符串“%s”需要类型“wchar_t *”的参数，但可变参数 1 拥有了类型“char *”
      C:\Users\bcc54\Desktop\Code\bird\bird\main.cpp(1183,26):
      请考虑在格式字符串中使用“%hs”
      C:\Users\bcc54\Desktop\Code\bird\bird\main.cpp(1183,26):
      请考虑在格式字符串中使用“%Ts”
      C:\Users\bcc54\Desktop\Code\bird\bird\main.cpp(1183,26):
      Visual C++ 使用非标准语义时会出现此警告
  
C:\Users\bcc54\Desktop\Code\bird\bird\main.cpp(1233,12): warning C4805: “==”: 在操作中将类型“int”与类型“bool”混合不安全
C:\Users\bcc54\Desktop\Code\bird\bird\main.cpp(1420,14): warning C4805: “==”: 在操作中将类型“int”与类型“bool”混合不安全
C:\Users\bcc54\Desktop\Code\bird\bird\main.cpp(1904,15): warning C4805: “==”: 在操作中将类型“int”与类型“bool”混合不安全
C:\Users\bcc54\Desktop\Code\bird\bird\main.cpp(2061,14): warning C4805: “==”: 在操作中将类型“int”与类型“bool”混合不安全
C:\Users\bcc54\Desktop\Code\bird\bird\main.cpp(2072,21): warning C4305: “+=”: 从“double”到“float”截断
C:\Users\bcc54\Desktop\Code\bird\bird\main.cpp(2151,12): warning C4805: “==”: 在操作中将类型“int”与类型“bool”混合不安全
C:\Users\bcc54\Desktop\Code\bird\bird\main.cpp(2162,13): warning C4805: “==”: 在操作中将类型“int”与类型“bool”混合不安全
C:\Users\bcc54\Desktop\Code\bird\bird\main.cpp(2205,14): warning C4805: “==”: 在操作中将类型“int”与类型“bool”混合不安全
C:\Users\bcc54\Desktop\Code\bird\bird\main.cpp(2228,15): warning C4805: “==”: 在操作中将类型“int”与类型“bool”混合不安全
C:\Users\bcc54\Desktop\Code\bird\bird\main.cpp(2234,17): warning C4805: “==”: 在操作中将类型“int”与类型“bool”混合不安全
C:\Users\bcc54\Desktop\Code\bird\bird\main.cpp(2295,22): warning C4002: 类函数宏的调用“_T”参数过多
C:\Users\bcc54\Desktop\Code\bird\bird\main.cpp(2295,22): warning C4473: “_swprintf”: 没有为格式字符串传递足够的参数
      C:\Users\bcc54\Desktop\Code\bird\bird\main.cpp(2295,22):
      占位符和其参数预计 1 可变参数，但提供的却是 0 参数
      C:\Users\bcc54\Desktop\Code\bird\bird\main.cpp(2295,22):
      缺失的可变参数 1 为格式字符串“%d”所需
  
C:\Users\bcc54\Desktop\Code\bird\bird\main.cpp(2347,21): warning C4002: 类函数宏的调用“_T”参数过多
C:\Users\bcc54\Desktop\Code\bird\bird\main.cpp(2347,21): warning C4473: “_swprintf”: 没有为格式字符串传递足够的参数
      C:\Users\bcc54\Desktop\Code\bird\bird\main.cpp(2347,21):
      占位符和其参数预计 1 可变参数，但提供的却是 0 参数
      C:\Users\bcc54\Desktop\Code\bird\bird\main.cpp(2347,21):
      缺失的可变参数 1 为格式字符串“%d”所需
  
C:\Users\bcc54\Desktop\Code\bird\bird\main.cpp(2138,11): warning C4101: “TempTime”: 未引用的局部变量
C:\Users\bcc54\Desktop\Code\bird\bird\main.cpp(2136,11): warning C4101: “TempPlace”: 未引用的局部变量
C:\Users\bcc54\Desktop\Code\bird\bird\main.cpp(2377,13): warning C4805: “==”: 在操作中将类型“int”与类型“bool”混合不安全
C:\Users\bcc54\Desktop\Code\bird\bird\main.cpp(2414,25): warning C4477: “_swprintf”: 格式字符串“%s”需要类型“wchar_t *”的参数，但可变参数 1 拥有了类型“char *”
      C:\Users\bcc54\Desktop\Code\bird\bird\main.cpp(2414,25):
      请考虑在格式字符串中使用“%hs”
      C:\Users\bcc54\Desktop\Code\bird\bird\main.cpp(2414,25):
      请考虑在格式字符串中使用“%Ts”
      C:\Users\bcc54\Desktop\Code\bird\bird\main.cpp(2414,25):
      Visual C++ 使用非标准语义时会出现此警告
  
C:\Users\bcc54\Desktop\Code\bird\bird\main.cpp(2420,25): warning C4477: “_swprintf”: 格式字符串“%s”需要类型“wchar_t *”的参数，但可变参数 1 拥有了类型“char *”
      C:\Users\bcc54\Desktop\Code\bird\bird\main.cpp(2420,25):
      请考虑在格式字符串中使用“%hs”
      C:\Users\bcc54\Desktop\Code\bird\bird\main.cpp(2420,25):
      请考虑在格式字符串中使用“%Ts”
      C:\Users\bcc54\Desktop\Code\bird\bird\main.cpp(2420,25):
      Visual C++ 使用非标准语义时会出现此警告
  
C:\Users\bcc54\Desktop\Code\bird\bird\main.cpp(2426,25): warning C4477: “_swprintf”: 格式字符串“%s”需要类型“wchar_t *”的参数，但可变参数 1 拥有了类型“char *”
      C:\Users\bcc54\Desktop\Code\bird\bird\main.cpp(2426,25):
      请考虑在格式字符串中使用“%hs”
      C:\Users\bcc54\Desktop\Code\bird\bird\main.cpp(2426,25):
      请考虑在格式字符串中使用“%Ts”
      C:\Users\bcc54\Desktop\Code\bird\bird\main.cpp(2426,25):
      Visual C++ 使用非标准语义时会出现此警告
  
C:\Users\bcc54\Desktop\Code\bird\bird\main.cpp(2432,25): warning C4477: “_swprintf”: 格式字符串“%s”需要类型“wchar_t *”的参数，但可变参数 1 拥有了类型“char *”
      C:\Users\bcc54\Desktop\Code\bird\bird\main.cpp(2432,25):
      请考虑在格式字符串中使用“%hs”
      C:\Users\bcc54\Desktop\Code\bird\bird\main.cpp(2432,25):
      请考虑在格式字符串中使用“%Ts”
      C:\Users\bcc54\Desktop\Code\bird\bird\main.cpp(2432,25):
      Visual C++ 使用非标准语义时会出现此警告
  
C:\Users\bcc54\Desktop\Code\bird\bird\main.cpp(2438,25): warning C4477: “_swprintf”: 格式字符串“%s”需要类型“wchar_t *”的参数，但可变参数 1 拥有了类型“char *”
      C:\Users\bcc54\Desktop\Code\bird\bird\main.cpp(2438,25):
      请考虑在格式字符串中使用“%hs”
      C:\Users\bcc54\Desktop\Code\bird\bird\main.cpp(2438,25):
      请考虑在格式字符串中使用“%Ts”
      C:\Users\bcc54\Desktop\Code\bird\bird\main.cpp(2438,25):
      Visual C++ 使用非标准语义时会出现此警告
  
C:\Users\bcc54\Desktop\Code\bird\bird\main.cpp(2371,3): warning C4102: “labelDeleteStart”: 未引用的标签
C:\Users\bcc54\Desktop\Code\bird\bird\main.cpp(2790,11): warning C4805: “==”: 在操作中将类型“int”与类型“bool”混合不安全
C:\Users\bcc54\Desktop\Code\bird\bird\main.cpp(2784,7): warning C4101: “InputAccount”: 未引用的局部变量
C:\Users\bcc54\Desktop\Code\bird\bird\main.cpp(2785,7): warning C4101: “InputPassword”: 未引用的局部变量
C:\Users\bcc54\Desktop\Code\bird\bird\main.cpp(2836,12): warning C4805: “==”: 在操作中将类型“int”与类型“bool”混合不安全
C:\Users\bcc54\Desktop\Code\bird\bird\main.cpp(2855,11): warning C4805: “==”: 在操作中将类型“int”与类型“bool”混合不安全
C:\Users\bcc54\Desktop\Code\bird\bird\main.cpp(2918,50): warning C4267: “参数”: 从“size_t”转换到“int”，可能丢失数据
C:\Users\bcc54\Desktop\Code\bird\bird\main.cpp(3139,8): warning C4267: “初始化”: 从“size_t”转换到“int”，可能丢失数据
  正在生成代码
  Previous IPDB and IOBJ mismatch, fall back to full compilation.
  All 100 functions were compiled because no usable IPDB/IOBJ from previous compilation was found.
  已完成代码的生成
  bird.vcxproj -> C:\Users\bcc54\Desktop\Code\bird\x64\Release\bird.exe
